\BOOKMARK [0][-]{chapter.1}{Introducci\363n}{}% 1
\BOOKMARK [1][-]{section.1.1}{Problemas a abordar}{chapter.1}% 2
\BOOKMARK [1][-]{section.1.2}{Objetivos}{chapter.1}% 3
\BOOKMARK [2][-]{subsection.1.2.1}{Objetivo General}{section.1.2}% 4
\BOOKMARK [2][-]{subsection.1.2.2}{Objetivos Espec\355ficos}{section.1.2}% 5
\BOOKMARK [2][-]{subsection.1.2.3}{Descripci\363n de actividades}{section.1.2}% 6
\BOOKMARK [1][-]{section.1.3}{Descripci\363n de la Metodolog\355a de Investigaci\363n}{chapter.1}% 7
\BOOKMARK [1][-]{section.1.4}{Justificaci\363n del proyecto}{chapter.1}% 8
\BOOKMARK [1][-]{section.1.5}{Composici\363n del informe}{chapter.1}% 9
\BOOKMARK [0][-]{chapter.2}{Marco Te\363rico}{}% 10
\BOOKMARK [1][-]{section.2.1}{Temas que se abordar\341n en el proyecto: IA}{chapter.2}% 11
\BOOKMARK [2][-]{subsection.2.1.1}{del area a trabajar dentro de IA}{section.2.1}% 12
\BOOKMARK [2][-]{subsection.2.1.2}{del area a trabajar dentro de IA}{section.2.1}% 13
\BOOKMARK [1][-]{section.2.2}{otro tema : ACP}{chapter.2}% 14
\BOOKMARK [0][-]{chapter.3}{Estado del Arte}{}% 15
\BOOKMARK [1][-]{section.3.1}{Planificaci\363n de la revisi\363n de la literatura}{chapter.3}% 16
\BOOKMARK [1][-]{section.3.2}{Resultados de la revisi\363n de la literatura}{chapter.3}% 17
\BOOKMARK [2][-]{subsection.3.2.1}{Trabajos realizados en general en el \341rea: IA}{section.3.2}% 18
\BOOKMARK [2][-]{subsection.3.2.2}{Trabajos enfocados en el \341rea que se esta trabajando: Machine learning}{section.3.2}% 19
\BOOKMARK [2][-]{subsection.3.2.3}{Trabajos enfocados especificamente en lo que se esta realizando, pero existen diferencias: Machine learnig en imagenes 2D}{section.3.2}% 20
\BOOKMARK [0][-]{chapter.4}{Desarrollo del Trabajo}{}% 21
\BOOKMARK [1][-]{section.4.1}{Planificaci\363n de la experimentaci\363n}{chapter.4}% 22
\BOOKMARK [1][-]{section.4.2}{Problema a abordar}{chapter.4}% 23
\BOOKMARK [1][-]{section.4.3}{Soluci\363n propuesta}{chapter.4}% 24
\BOOKMARK [1][-]{section.4.4}{Algoritmo utilizado: M\351todo Formas de Contexto}{chapter.4}% 25
\BOOKMARK [2][-]{section*.7}{Filtros aplicados}{section.4.4}% 26
\BOOKMARK [2][-]{subsection.4.4.1}{Capas superficiales}{section.4.4}% 27
\BOOKMARK [2][-]{subsection.4.4.2}{Viabilidad de una pose}{section.4.4}% 28
\BOOKMARK [2][-]{subsection.4.4.3}{Puntuaci\363n de la pose }{section.4.4}% 29
\BOOKMARK [2][-]{subsection.4.4.4}{Datos de Entrada}{section.4.4}% 30
\BOOKMARK [1][-]{section.4.5}{Softwares y lenguajes utilizados}{chapter.4}% 31
\BOOKMARK [2][-]{subsection.4.5.1}{Plataforma de Desarrollo}{section.4.5}% 32
\BOOKMARK [2][-]{subsection.4.5.2}{UCSF Chimera}{section.4.5}% 33
\BOOKMARK [2][-]{subsection.4.5.3}{Programa MSMS}{section.4.5}% 34
\BOOKMARK [2][-]{subsection.4.5.4}{Blender}{section.4.5}% 35
\BOOKMARK [2][-]{subsection.4.5.5}{Software VMD}{section.4.5}% 36
\BOOKMARK [1][-]{section.4.6}{Lenguajes}{chapter.4}% 37
\BOOKMARK [1][-]{section.4.7}{Metodolog\355a}{chapter.4}% 38
\BOOKMARK [2][-]{subsection.4.7.1}{Procedimiento para el c\341lculo de formas de contexto}{section.4.7}% 39
\BOOKMARK [2][-]{subsection.4.7.2}{Procedimiento en Unity}{section.4.7}% 40
\BOOKMARK [0][-]{chapter.5}{Resultados}{}% 41
\BOOKMARK [1][-]{section.5.1}{Aplicaci\363n Desarrollada - si es que la hay}{chapter.5}% 42
\BOOKMARK [1][-]{section.5.2}{Discusi\363n}{chapter.5}% 43
\BOOKMARK [0][-]{chapter.6}{Conclusiones}{}% 44
\BOOKMARK [1][-]{subsection.6.0.1}{Trabajo Futuro}{chapter.6}% 45
\BOOKMARK [0][-]{section*.8}{Referencias}{}% 46
